{
  "RSpec": {
    "coverage": {
      "/Users/michaelalexlynch/turing/3.5module/projects/grow_ops/config/environment.rb": {
        "lines": [
          null,
          1,
          null,
          null,
          1
        ]
      },
      "/Users/michaelalexlynch/turing/3.5module/projects/grow_ops/config/application.rb": {
        "lines": [
          1,
          null,
          1,
          null,
          1,
          1,
          1,
          1,
          1,
          1,
          1,
          1,
          1,
          null,
          null,
          null,
          null,
          1,
          null,
          1,
          1,
          null,
          1,
          null,
          null,
          null,
          null,
          null,
          null,
          null,
          1,
          null,
          null
        ]
      },
      "/Users/michaelalexlynch/turing/3.5module/projects/grow_ops/config/boot.rb": {
        "lines": [
          1,
          null,
          1,
          1
        ]
      },
      "/Users/michaelalexlynch/turing/3.5module/projects/grow_ops/config/environments/test.rb": {
        "lines": [
          1,
          null,
          null,
          null,
          null,
          null,
          null,
          1,
          null,
          null,
          null,
          null,
          1,
          null,
          null,
          1,
          1,
          null,
          null,
          null,
          null,
          1,
          1,
          null,
          null,
          1,
          null,
          null,
          1,
          null,
          null,
          1,
          null,
          1,
          null,
          null,
          null,
          null,
          1,
          null,
          null,
          1,
          null,
          null,
          null,
          null
        ]
      },
      "/Users/michaelalexlynch/turing/3.5module/projects/grow_ops/config/initializers/application_controller_renderer.rb": {
        "lines": [
          null,
          null,
          null,
          null,
          null,
          null,
          null,
          null
        ]
      },
      "/Users/michaelalexlynch/turing/3.5module/projects/grow_ops/config/initializers/assets.rb": {
        "lines": [
          null,
          null,
          null,
          1,
          null,
          null,
          null,
          null,
          1,
          null,
          null,
          null,
          null,
          null
        ]
      },
      "/Users/michaelalexlynch/turing/3.5module/projects/grow_ops/config/initializers/backtrace_silencers.rb": {
        "lines": [
          null,
          null,
          null,
          null,
          null,
          null,
          null
        ]
      },
      "/Users/michaelalexlynch/turing/3.5module/projects/grow_ops/config/initializers/content_security_policy.rb": {
        "lines": [
          null,
          null,
          null,
          null,
          null,
          null,
          null,
          null,
          null,
          null,
          null,
          null,
          null,
          null,
          null,
          null,
          null,
          null,
          null,
          null,
          null,
          null,
          null,
          null,
          null
        ]
      },
      "/Users/michaelalexlynch/turing/3.5module/projects/grow_ops/config/initializers/cookies_serializer.rb": {
        "lines": [
          null,
          null,
          null,
          null,
          1
        ]
      },
      "/Users/michaelalexlynch/turing/3.5module/projects/grow_ops/config/initializers/filter_parameter_logging.rb": {
        "lines": [
          null,
          null,
          null,
          1
        ]
      },
      "/Users/michaelalexlynch/turing/3.5module/projects/grow_ops/config/initializers/inflections.rb": {
        "lines": [
          null,
          null,
          null,
          null,
          null,
          null,
          null,
          null,
          null,
          null,
          null,
          null,
          null,
          null,
          null,
          null
        ]
      },
      "/Users/michaelalexlynch/turing/3.5module/projects/grow_ops/config/initializers/mime_types.rb": {
        "lines": [
          null,
          null,
          null,
          null
        ]
      },
      "/Users/michaelalexlynch/turing/3.5module/projects/grow_ops/config/initializers/omniauth.rb": {
        "lines": [
          1,
          1,
          null,
          null,
          null,
          null,
          null
        ]
      },
      "/Users/michaelalexlynch/turing/3.5module/projects/grow_ops/config/initializers/wrap_parameters.rb": {
        "lines": [
          null,
          null,
          null,
          null,
          null,
          null,
          1,
          2,
          null,
          null,
          null,
          null,
          null,
          null
        ]
      },
      "/Users/michaelalexlynch/turing/3.5module/projects/grow_ops/spec/factories/garden.rb": {
        "lines": [
          1,
          1,
          1,
          5,
          5,
          5,
          4,
          5,
          null,
          null
        ]
      },
      "/Users/michaelalexlynch/turing/3.5module/projects/grow_ops/spec/factories/plant.rb": {
        "lines": [
          1,
          1,
          1,
          null,
          null,
          null,
          null,
          null,
          null,
          null
        ]
      },
      "/Users/michaelalexlynch/turing/3.5module/projects/grow_ops/spec/factories/users.rb": {
        "lines": [
          1,
          1,
          1,
          1,
          1,
          1,
          null,
          1,
          10,
          10,
          10,
          10,
          null,
          null
        ]
      },
      "/Users/michaelalexlynch/turing/3.5module/projects/grow_ops/config/routes.rb": {
        "lines": [
          1,
          1,
          null,
          1,
          1,
          1,
          null,
          1,
          null,
          1,
          1,
          1,
          1,
          1,
          1,
          1,
          null,
          null,
          null,
          null
        ]
      },
      "/Users/michaelalexlynch/turing/3.5module/projects/grow_ops/app/helpers/application_helper.rb": {
        "lines": [
          1,
          null
        ]
      },
      "/Users/michaelalexlynch/turing/3.5module/projects/grow_ops/spec/features/user/gardens/new_garden_spec.rb": {
        "lines": [
          1,
          null,
          1,
          1,
          4,
          4,
          4,
          null,
          null,
          1,
          1,
          null,
          1,
          1,
          1,
          1,
          1,
          1,
          1,
          null,
          1,
          1,
          null,
          1,
          null,
          1,
          1,
          null,
          null,
          1,
          1,
          null,
          1,
          null,
          null,
          1,
          1,
          null,
          null,
          1,
          1,
          null,
          1,
          1,
          null,
          null,
          1,
          null,
          1,
          null,
          null,
          1,
          1,
          null,
          1,
          null,
          1,
          1,
          null,
          null,
          1,
          1,
          null,
          1,
          1,
          null,
          null,
          1,
          1,
          null,
          1,
          1,
          1,
          1,
          1,
          1,
          1,
          null,
          1,
          1,
          null,
          1,
          null,
          1,
          1,
          null,
          null
        ]
      },
      "/Users/michaelalexlynch/turing/3.5module/projects/grow_ops/spec/features/user/plants/add_plants_page_spec.rb": {
        "lines": [
          1,
          null,
          1,
          1,
          1,
          1,
          1,
          1,
          null,
          null,
          1,
          1,
          1,
          1,
          null,
          null
        ]
      },
      "/Users/michaelalexlynch/turing/3.5module/projects/grow_ops/spec/features/user/plants/plants_plot_spec.rb": {
        "lines": [
          1,
          null,
          1,
          1,
          1,
          1,
          1,
          1,
          null,
          1,
          1,
          1,
          1,
          1,
          1,
          1,
          null,
          1,
          null,
          null,
          1,
          1,
          1,
          1,
          1,
          null,
          1,
          1,
          null,
          null,
          1,
          null,
          1,
          1,
          null,
          null,
          1,
          1,
          null,
          null,
          1,
          1,
          null,
          null,
          1,
          1,
          null,
          null,
          1,
          1,
          null,
          null,
          null
        ]
      },
      "/Users/michaelalexlynch/turing/3.5module/projects/grow_ops/spec/features/user/user_dashboard_spec.rb": {
        "lines": [
          1,
          null,
          1,
          1,
          2,
          2,
          2,
          2,
          null,
          null,
          1,
          1,
          1,
          1,
          null,
          null,
          1,
          1,
          1,
          null,
          1,
          null,
          1,
          1,
          1,
          1,
          1,
          1,
          1,
          null,
          null
        ]
      },
      "/Users/michaelalexlynch/turing/3.5module/projects/grow_ops/app/models/user.rb": {
        "lines": [
          1,
          1,
          1,
          1,
          null,
          1,
          null,
          1,
          0,
          0,
          null,
          0,
          null,
          null,
          null
        ]
      },
      "/Users/michaelalexlynch/turing/3.5module/projects/grow_ops/app/models/application_record.rb": {
        "lines": [
          1,
          1,
          null
        ]
      },
      "/Users/michaelalexlynch/turing/3.5module/projects/grow_ops/app/models/garden.rb": {
        "lines": [
          1,
          1,
          1,
          1,
          1,
          1,
          null,
          1,
          1,
          null,
          1,
          3,
          null,
          null
        ]
      },
      "/Users/michaelalexlynch/turing/3.5module/projects/grow_ops/app/controllers/users_controller.rb": {
        "lines": [
          1,
          1,
          7,
          null,
          null
        ]
      },
      "/Users/michaelalexlynch/turing/3.5module/projects/grow_ops/app/models/plant.rb": {
        "lines": [
          1,
          null,
          null,
          null,
          null,
          null,
          null,
          null,
          null,
          null,
          null,
          null,
          null,
          null,
          1,
          null,
          1,
          null
        ]
      },
      "/Users/michaelalexlynch/turing/3.5module/projects/grow_ops/app/controllers/users/gardens_controller.rb": {
        "lines": [
          1,
          1,
          4,
          null,
          null,
          1,
          0,
          0,
          null,
          null,
          1,
          3,
          null,
          3,
          3,
          null,
          null,
          null,
          3,
          3,
          null,
          null,
          1,
          1,
          1,
          null,
          null,
          1,
          null,
          1,
          21,
          null,
          null
        ]
      },
      "/Users/michaelalexlynch/turing/3.5module/projects/grow_ops/app/controllers/users/plants_controller.rb": {
        "lines": [
          1,
          null,
          1,
          7,
          7,
          null,
          null,
          1,
          0,
          null,
          null,
          1,
          3,
          2,
          2,
          2,
          2,
          2,
          2,
          null,
          2,
          2,
          null,
          1,
          1,
          1,
          null,
          null,
          null,
          1,
          4,
          4,
          4,
          null,
          null,
          1,
          1,
          1,
          1,
          1,
          null,
          0,
          null,
          1,
          null,
          null,
          1,
          1,
          1,
          1,
          1,
          null,
          0,
          null,
          1,
          null,
          null,
          1,
          0,
          0,
          0,
          0,
          null,
          null,
          null,
          null,
          null,
          null,
          null,
          null,
          null,
          null,
          null,
          null,
          null,
          null,
          null,
          null,
          0,
          0,
          0,
          null,
          0,
          null,
          0,
          null,
          null
        ]
      },
      "/Users/michaelalexlynch/turing/3.5module/projects/grow_ops/app/poros/plant_object.rb": {
        "lines": [
          1,
          null,
          1,
          7,
          7,
          null,
          null,
          1,
          4,
          null,
          null,
          1,
          null,
          null,
          null,
          null,
          null,
          null,
          null,
          null,
          null,
          null,
          null,
          null,
          null,
          1,
          4,
          4,
          4,
          4,
          4,
          4,
          4,
          4,
          4,
          4,
          4,
          4,
          4,
          null,
          null,
          1,
          null,
          1,
          7,
          null,
          null
        ]
      },
      "/Users/michaelalexlynch/turing/3.5module/projects/grow_ops/app/services/grow_call_service.rb": {
        "lines": [
          1,
          null,
          1,
          7,
          7,
          7,
          null,
          null,
          1,
          null,
          1,
          7,
          null,
          null
        ]
      },
      "/Users/michaelalexlynch/turing/3.5module/projects/grow_ops/app/services/trefle_service.rb": {
        "lines": [
          1,
          1,
          7,
          null,
          7,
          0,
          0,
          0,
          0,
          null,
          0,
          0,
          0,
          0,
          0,
          null,
          null,
          null,
          7,
          7,
          7,
          49,
          null,
          7,
          0,
          0,
          0,
          0,
          null,
          null,
          null,
          7,
          null,
          null,
          1,
          4,
          4,
          4,
          4,
          null,
          null,
          null,
          1,
          null,
          1,
          11,
          null,
          null
        ]
      }
    },
    "timestamp": 1600371606
  }
}
